<?xml version="1.0" encoding="UTF-8"?>
<!-- Generated by org.testng.reporters.JUnitXMLReporter -->
<testsuite ignored="0" hostname="DESKTOP-1OESOUB" failures="0" tests="3" name="Default test" time="53.024" errors="0" timestamp="2020-09-11T14:55:20 IST">
  <testcase classname="utils.ExcelDataProvider" name="test1" time="13.883"/>
  <testcase classname="utils.ExcelDataProvider" name="test1" time="7.187"/>
  <testcase classname="utils.ExcelDataProvider" name="test1" time="8.623"/>
</testsuite> <!-- Default test -->
