<?xml version="1.0" encoding="UTF-8"?>
<!-- Generated by org.testng.reporters.JUnitXMLReporter -->
<testsuite ignored="0" hostname="DESKTOP-1OESOUB" failures="0" tests="4" name="Test" time="0.266" errors="0" timestamp="2020-09-09T17:04:08 IST">
  <testcase classname="demo.TestNGroupsDemo" name="test1" time="0.039"/>
  <testcase classname="demo.TestNGroupsDemo" name="test2" time="0.005"/>
  <testcase classname="demo.TestNGroupsDemo" name="test3" time="0.004"/>
  <testcase classname="demo.TestNGroupsDemo" name="test4" time="0.008"/>
</testsuite> <!-- Test -->
