<?xml version="1.0" encoding="UTF-8"?>
<!-- Generated by org.testng.reporters.JUnitXMLReporter -->
<testsuite ignored="1" hostname="DESKTOP-1OESOUB" failures="1" tests="2" name="Default test(failed)" time="0.37" errors="0" timestamp="2020-09-09T19:53:40 IST">
  <testcase classname="demo.TestNGRetryDemo" name="test2" time="0.07"/>
  <testcase classname="demo.TestNGRetryDemo" name="test3" time="0.023">
    <failure type="java.lang.AssertionError" message="expected [true] but found [false]">
      <![CDATA[java.lang.AssertionError: expected [true] but found [false]
at demo.TestNGRetryDemo.test3(TestNGRetryDemo.java:20)
at java.base/java.util.ArrayList.forEach(ArrayList.java:1511)
... Removed 31 stack frames]]>
    </failure>
  </testcase> <!-- test3 -->
  <testcase classname="demo.TestNGRetryDemo" name="test1" time="0.0">
    <ignored/>
  </testcase> <!-- test1 -->
</testsuite> <!-- Default test(failed) -->
